2014-06-25 15:28:29,784 - [INFO] - from play in pool-4-thread-2 
Listening for HTTP on /0:0:0:0:0:0:0:0:9000

2014-06-25 15:29:11,275 - [INFO] - from application in play-internal-execution-context-1 
[securesocial] loaded templates plugin: securesocial.controllers.DefaultTemplatesPlugin

2014-06-25 15:29:11,546 - [INFO] - from play in play-internal-execution-context-1 
Starting application default Akka system.

2014-06-25 15:29:11,566 - [DEBUG] - from application in play-akka.actor.default-dispatcher-5 
[securesocial] calling deleteExpiredTokens()

2014-06-25 15:29:11,566 - [INFO] - from application in play-internal-execution-context-1 
[securesocial] loaded user service: class plugins.UserServicePlugin$$anon$2

2014-06-25 15:29:11,567 - [INFO] - from application in play-internal-execution-context-1 
[securesocial] loaded password hasher bcrypt

2014-06-25 15:29:11,570 - [INFO] - from application in play-internal-execution-context-1 
[securesocial] loaded identity provider: twitter

2014-06-25 15:29:11,570 - [INFO] - from application in play-internal-execution-context-1 
[securesocial] loaded identity provider: facebook

2014-06-25 15:29:11,570 - [INFO] - from application in play-internal-execution-context-1 
[securesocial] loaded identity provider: google

2014-06-25 15:29:11,570 - [INFO] - from application in play-internal-execution-context-1 
[securesocial] loaded identity provider: linkedin

2014-06-25 15:29:11,570 - [INFO] - from application in play-internal-execution-context-1 
[securesocial] loaded identity provider: userpass

2014-06-25 15:29:11,574 - [INFO] - from play in play-internal-execution-context-1 
Application started (Dev)

2014-06-25 15:29:53,021 - [DEBUG] - from application in play-akka.actor.default-dispatcher-2 
[securesocial] bootstrap path = securesocial/bootstrap/css/bootstrap.min.css

2014-06-25 15:29:53,021 - [DEBUG] - from application in play-akka.actor.default-dispatcher-2 
[securesocial] assets controller = controllers.ReverseAssets

2014-06-25 15:29:53,023 - [DEBUG] - from application in play-akka.actor.default-dispatcher-2 
[securesocial] favicon path = securesocial/images/favicon.png

2014-06-25 15:29:53,023 - [DEBUG] - from application in play-akka.actor.default-dispatcher-2 
[securesocial] Jquery path = securesocial/javascripts/jquery-1.7.1.min.js

2014-06-25 15:29:53,024 - [DEBUG] - from application in play-akka.actor.default-dispatcher-2 
[securesocial] custom css path = None

2014-06-25 15:30:07,535 - [ERROR] - from play in play-akka.actor.default-dispatcher-2 
Cannot invoke the action, eventually got an error: java.lang.RuntimeException: {"message":"Invalid input 'i': expected whitespace, comment, '=', node labels, MapLiteral, a parameter, a relationship pattern, ',', USING, WHERE, START, MATCH, MERGE, CREATE, SET, DELETE, REMOVE, FOREACH, WITH, RETURN, UNION, ';' or end of input (line 5, column 6)\n\"     i.id, i.firstName, i.lastName, i.email, i.avatarUrl, p.method, p.id, ai\"\n      ^","exception":"SyntaxException","fullname":"org.neo4j.cypher.SyntaxException","stacktrace":["org.neo4j.cypher.internal.compiler.v2_0.parser.CypherParser$$anonfun$parse$1.apply(CypherParser.scala:54)","org.neo4j.cypher.internal.compiler.v2_0.parser.CypherParser$$anonfun$parse$1.apply(CypherParser.scala:44)","scala.collection.TraversableLike$$anonfun$map$1.apply(TraversableLike.scala:244)","scala.collection.TraversableLike$$anonfun$map$1.apply(TraversableLike.scala:244)","scala.collection.immutable.List.foreach(List.scala:318)","scala.collection.TraversableLike$class.map(TraversableLike.scala:244)","scala.collection.AbstractTraversable.map(Traversable.scala:105)","org.neo4j.cypher.internal.compiler.v2_0.parser.CypherParser.parse(CypherParser.scala:44)","org.neo4j.cypher.internal.compiler.v2_0.parser.CypherParser.parseToQuery(CypherParser.scala:63)","org.neo4j.cypher.internal.compiler.v2_0.CypherCompiler$$anonfun$1.apply(CypherCompiler.scala:38)","org.neo4j.cypher.internal.compiler.v2_0.CypherCompiler$$anonfun$1.apply(CypherCompiler.scala:37)","org.neo4j.cypher.internal.LRUCache.getOrElseUpdate(LRUCache.scala:34)","org.neo4j.cypher.internal.CypherCompiler$VersionProxy$$anonfun$1.apply(CypherCompiler.scala:47)","org.neo4j.cypher.internal.CypherCompiler$VersionProxy$$anonfun$1.apply(CypherCompiler.scala:47)","org.neo4j.cypher.internal.compiler.v2_0.CypherCompiler.prepare(CypherCompiler.scala:37)","org.neo4j.cypher.internal.CypherCompiler$VersionProxy.prepare(CypherCompiler.scala:64)","org.neo4j.cypher.ExecutionEngine$$anonfun$3.apply(ExecutionEngine.scala:83)","org.neo4j.cypher.ExecutionEngine$$anonfun$3.apply(ExecutionEngine.scala:81)","org.neo4j.cypher.internal.LRUCache.getOrElseUpdate(LRUCache.scala:34)","org.neo4j.cypher.ExecutionEngine.prepare(ExecutionEngine.scala:81)","org.neo4j.cypher.ExecutionEngine.execute(ExecutionEngine.scala:60)","org.neo4j.cypher.ExecutionEngine.execute(ExecutionEngine.scala:65)","org.neo4j.cypher.javacompat.ExecutionEngine.execute(ExecutionEngine.java:78)","org.neo4j.server.rest.web.CypherService.cypher(CypherService.java:100)","java.lang.reflect.Method.invoke(Method.java:606)","org.neo4j.server.rest.transactional.TransactionalRequestDispatcher.dispatch(TransactionalRequestDispatcher.java:139)","org.neo4j.server.rest.security.SecurityFilter.doFilter(SecurityFilter.java:112)","java.lang.Thread.run(Thread.java:744)"]}

2014-06-25 15:30:07,553 - [ERROR] - from application in play-akka.actor.default-dispatcher-2 


! @6ijp3d4pa - Internal server error, for (POST) [/signup] ->

play.api.Application$$anon$1: Execution exception[[RuntimeException: {"message":"Invalid input 'i': expected whitespace, comment, '=', node labels, MapLiteral, a parameter, a relationship pattern, ',', USING, WHERE, START, MATCH, MERGE, CREATE, SET, DELETE, REMOVE, FOREACH, WITH, RETURN, UNION, ';' or end of input (line 5, column 6)\n\"     i.id, i.firstName, i.lastName, i.email, i.avatarUrl, p.method, p.id, ai\"\n      ^","exception":"SyntaxException","fullname":"org.neo4j.cypher.SyntaxException","stacktrace":["org.neo4j.cypher.internal.compiler.v2_0.parser.CypherParser$$anonfun$parse$1.apply(CypherParser.scala:54)","org.neo4j.cypher.internal.compiler.v2_0.parser.CypherParser$$anonfun$parse$1.apply(CypherParser.scala:44)","scala.collection.TraversableLike$$anonfun$map$1.apply(TraversableLike.scala:244)","scala.collection.TraversableLike$$anonfun$map$1.apply(TraversableLike.scala:244)","scala.collection.immutable.List.foreach(List.scala:318)","scala.collection.TraversableLike$class.map(TraversableLike.scala:244)","scala.collection.AbstractTraversable.map(Traversable.scala:105)","org.neo4j.cypher.internal.compiler.v2_0.parser.CypherParser.parse(CypherParser.scala:44)","org.neo4j.cypher.internal.compiler.v2_0.parser.CypherParser.parseToQuery(CypherParser.scala:63)","org.neo4j.cypher.internal.compiler.v2_0.CypherCompiler$$anonfun$1.apply(CypherCompiler.scala:38)","org.neo4j.cypher.internal.compiler.v2_0.CypherCompiler$$anonfun$1.apply(CypherCompiler.scala:37)","org.neo4j.cypher.internal.LRUCache.getOrElseUpdate(LRUCache.scala:34)","org.neo4j.cypher.internal.CypherCompiler$VersionProxy$$anonfun$1.apply(CypherCompiler.scala:47)","org.neo4j.cypher.internal.CypherCompiler$VersionProxy$$anonfun$1.apply(CypherCompiler.scala:47)","org.neo4j.cypher.internal.compiler.v2_0.CypherCompiler.prepare(CypherCompiler.scala:37)","org.neo4j.cypher.internal.CypherCompiler$VersionProxy.prepare(CypherCompiler.scala:64)","org.neo4j.cypher.ExecutionEngine$$anonfun$3.apply(ExecutionEngine.scala:83)","org.neo4j.cypher.ExecutionEngine$$anonfun$3.apply(ExecutionEngine.scala:81)","org.neo4j.cypher.internal.LRUCache.getOrElseUpdate(LRUCache.scala:34)","org.neo4j.cypher.ExecutionEngine.prepare(ExecutionEngine.scala:81)","org.neo4j.cypher.ExecutionEngine.execute(ExecutionEngine.scala:60)","org.neo4j.cypher.ExecutionEngine.execute(ExecutionEngine.scala:65)","org.neo4j.cypher.javacompat.ExecutionEngine.execute(ExecutionEngine.java:78)","org.neo4j.server.rest.web.CypherService.cypher(CypherService.java:100)","java.lang.reflect.Method.invoke(Method.java:606)","org.neo4j.server.rest.transactional.TransactionalRequestDispatcher.dispatch(TransactionalRequestDispatcher.java:139)","org.neo4j.server.rest.security.SecurityFilter.doFilter(SecurityFilter.java:112)","java.lang.Thread.run(Thread.java:744)"]}]]
	at play.api.Application$class.handleError(Application.scala:293) ~[play_2.10.jar:2.2.2]
	at play.api.DefaultApplication.handleError(Application.scala:399) [play_2.10.jar:2.2.2]
	at play.core.server.netty.PlayDefaultUpstreamHandler$$anonfun$2$$anonfun$applyOrElse$3.apply(PlayDefaultUpstreamHandler.scala:261) [play_2.10.jar:2.2.2]
	at play.core.server.netty.PlayDefaultUpstreamHandler$$anonfun$2$$anonfun$applyOrElse$3.apply(PlayDefaultUpstreamHandler.scala:261) [play_2.10.jar:2.2.2]
	at scala.Option.map(Option.scala:145) [scala-library.jar:na]
	at play.core.server.netty.PlayDefaultUpstreamHandler$$anonfun$2.applyOrElse(PlayDefaultUpstreamHandler.scala:261) [play_2.10.jar:2.2.2]
	at play.core.server.netty.PlayDefaultUpstreamHandler$$anonfun$2.applyOrElse(PlayDefaultUpstreamHandler.scala:257) [play_2.10.jar:2.2.2]
	at scala.concurrent.Future$$anonfun$recoverWith$1.apply(Future.scala:344) [scala-library.jar:na]
	at scala.concurrent.Future$$anonfun$recoverWith$1.apply(Future.scala:343) [scala-library.jar:na]
	at scala.concurrent.impl.CallbackRunnable.run(Promise.scala:32) [scala-library.jar:na]
	at play.api.libs.iteratee.Execution$$anon$1.execute(Execution.scala:43) [play-iteratees_2.10.jar:2.2.2]
	at scala.concurrent.impl.CallbackRunnable.executeWithValue(Promise.scala:40) [scala-library.jar:na]
	at scala.concurrent.impl.Promise$DefaultPromise.tryComplete(Promise.scala:248) [scala-library.jar:na]
	at scala.concurrent.Promise$class.complete(Promise.scala:55) [scala-library.jar:na]
	at scala.concurrent.impl.Promise$DefaultPromise.complete(Promise.scala:153) [scala-library.jar:na]
	at scala.concurrent.Future$$anonfun$flatMap$1.apply(Future.scala:249) [scala-library.jar:na]
	at scala.concurrent.Future$$anonfun$flatMap$1.apply(Future.scala:249) [scala-library.jar:na]
	at scala.concurrent.impl.CallbackRunnable.run(Promise.scala:32) [scala-library.jar:na]
	at play.api.libs.iteratee.Execution$$anon$2.execute(Execution.scala:70) [play-iteratees_2.10.jar:2.2.2]
	at scala.concurrent.impl.CallbackRunnable.executeWithValue(Promise.scala:40) [scala-library.jar:na]
	at scala.concurrent.impl.Promise$DefaultPromise.tryComplete(Promise.scala:248) [scala-library.jar:na]
	at scala.concurrent.Promise$class.complete(Promise.scala:55) [scala-library.jar:na]
	at scala.concurrent.impl.Promise$DefaultPromise.complete(Promise.scala:153) [scala-library.jar:na]
	at scala.concurrent.Future$$anonfun$flatMap$1.apply(Future.scala:249) [scala-library.jar:na]
	at scala.concurrent.Future$$anonfun$flatMap$1.apply(Future.scala:249) [scala-library.jar:na]
	at scala.concurrent.impl.CallbackRunnable.run(Promise.scala:32) [scala-library.jar:na]
	at play.api.libs.iteratee.Execution$$anon$2.execute(Execution.scala:70) [play-iteratees_2.10.jar:2.2.2]
	at scala.concurrent.impl.CallbackRunnable.executeWithValue(Promise.scala:40) [scala-library.jar:na]
	at scala.concurrent.impl.Promise$DefaultPromise.tryComplete(Promise.scala:248) [scala-library.jar:na]
	at scala.concurrent.Promise$class.complete(Promise.scala:55) [scala-library.jar:na]
	at scala.concurrent.impl.Promise$DefaultPromise.complete(Promise.scala:153) [scala-library.jar:na]
	at scala.concurrent.impl.Future$PromiseCompletingRunnable.run(Future.scala:23) [scala-library.jar:na]
	at akka.dispatch.TaskInvocation.run(AbstractDispatcher.scala:42) [akka-actor_2.10.jar:2.2.0]
	at akka.dispatch.ForkJoinExecutorConfigurator$AkkaForkJoinTask.exec(AbstractDispatcher.scala:386) [akka-actor_2.10.jar:2.2.0]
	at scala.concurrent.forkjoin.ForkJoinTask.doExec(ForkJoinTask.java:260) [scala-library.jar:na]
	at scala.concurrent.forkjoin.ForkJoinPool$WorkQueue.runTask(ForkJoinPool.java:1339) [scala-library.jar:na]
	at scala.concurrent.forkjoin.ForkJoinPool.runWorker(ForkJoinPool.java:1979) [scala-library.jar:na]
	at scala.concurrent.forkjoin.ForkJoinWorkerThread.run(ForkJoinWorkerThread.java:107) [scala-library.jar:na]
Caused by: java.lang.RuntimeException: {"message":"Invalid input 'i': expected whitespace, comment, '=', node labels, MapLiteral, a parameter, a relationship pattern, ',', USING, WHERE, START, MATCH, MERGE, CREATE, SET, DELETE, REMOVE, FOREACH, WITH, RETURN, UNION, ';' or end of input (line 5, column 6)\n\"     i.id, i.firstName, i.lastName, i.email, i.avatarUrl, p.method, p.id, ai\"\n      ^","exception":"SyntaxException","fullname":"org.neo4j.cypher.SyntaxException","stacktrace":["org.neo4j.cypher.internal.compiler.v2_0.parser.CypherParser$$anonfun$parse$1.apply(CypherParser.scala:54)","org.neo4j.cypher.internal.compiler.v2_0.parser.CypherParser$$anonfun$parse$1.apply(CypherParser.scala:44)","scala.collection.TraversableLike$$anonfun$map$1.apply(TraversableLike.scala:244)","scala.collection.TraversableLike$$anonfun$map$1.apply(TraversableLike.scala:244)","scala.collection.immutable.List.foreach(List.scala:318)","scala.collection.TraversableLike$class.map(TraversableLike.scala:244)","scala.collection.AbstractTraversable.map(Traversable.scala:105)","org.neo4j.cypher.internal.compiler.v2_0.parser.CypherParser.parse(CypherParser.scala:44)","org.neo4j.cypher.internal.compiler.v2_0.parser.CypherParser.parseToQuery(CypherParser.scala:63)","org.neo4j.cypher.internal.compiler.v2_0.CypherCompiler$$anonfun$1.apply(CypherCompiler.scala:38)","org.neo4j.cypher.internal.compiler.v2_0.CypherCompiler$$anonfun$1.apply(CypherCompiler.scala:37)","org.neo4j.cypher.internal.LRUCache.getOrElseUpdate(LRUCache.scala:34)","org.neo4j.cypher.internal.CypherCompiler$VersionProxy$$anonfun$1.apply(CypherCompiler.scala:47)","org.neo4j.cypher.internal.CypherCompiler$VersionProxy$$anonfun$1.apply(CypherCompiler.scala:47)","org.neo4j.cypher.internal.compiler.v2_0.CypherCompiler.prepare(CypherCompiler.scala:37)","org.neo4j.cypher.internal.CypherCompiler$VersionProxy.prepare(CypherCompiler.scala:64)","org.neo4j.cypher.ExecutionEngine$$anonfun$3.apply(ExecutionEngine.scala:83)","org.neo4j.cypher.ExecutionEngine$$anonfun$3.apply(ExecutionEngine.scala:81)","org.neo4j.cypher.internal.LRUCache.getOrElseUpdate(LRUCache.scala:34)","org.neo4j.cypher.ExecutionEngine.prepare(ExecutionEngine.scala:81)","org.neo4j.cypher.ExecutionEngine.execute(ExecutionEngine.scala:60)","org.neo4j.cypher.ExecutionEngine.execute(ExecutionEngine.scala:65)","org.neo4j.cypher.javacompat.ExecutionEngine.execute(ExecutionEngine.java:78)","org.neo4j.server.rest.web.CypherService.cypher(CypherService.java:100)","java.lang.reflect.Method.invoke(Method.java:606)","org.neo4j.server.rest.transactional.TransactionalRequestDispatcher.dispatch(TransactionalRequestDispatcher.java:139)","org.neo4j.server.rest.security.SecurityFilter.doFilter(SecurityFilter.java:112)","java.lang.Thread.run(Thread.java:744)"]}
	at org.anormcypher.Neo4jREST$.sendQuery(Neo4jREST.scala:138) ~[anormcypher_2.10-0.4.4.jar:0.4.4]
	at org.anormcypher.CypherStatement.apply(AnormCypher.scala:342) ~[anormcypher_2.10-0.4.4.jar:0.4.4]
	at repositories.UserRepository.getByEmailAndProvider(UserRepository.scala:57) ~[classes/:na]
	at models.UserModel.getByEmailAndProvider(UserModel.scala:33) ~[classes/:na]
	at services.UserService.findByEmailAndProvider(UserService.scala:15) ~[classes/:na]
	at securesocial.core.UserService$$anonfun$findByEmailAndProvider$1.apply(UserService.scala:161) ~[securesocial_2.10-2.1.3.jar:2.1.3]
	at securesocial.core.UserService$$anonfun$findByEmailAndProvider$1.apply(UserService.scala:161) ~[securesocial_2.10-2.1.3.jar:2.1.3]
	at scala.Option.map(Option.scala:145) [scala-library.jar:na]
	at securesocial.core.UserService$.findByEmailAndProvider(UserService.scala:161) ~[securesocial_2.10-2.1.3.jar:2.1.3]
	at securesocial.controllers.Registration$$anonfun$handleStartSignUp$1$$anonfun$apply$3.apply(Registration.scala:178) ~[securesocial_2.10-2.1.3.jar:2.1.3]
	at securesocial.controllers.Registration$$anonfun$handleStartSignUp$1$$anonfun$apply$3.apply(Registration.scala:176) ~[securesocial_2.10-2.1.3.jar:2.1.3]
	at play.api.data.Form.fold(Form.scala:136) ~[play_2.10.jar:2.2.2]
	at securesocial.controllers.Registration$$anonfun$handleStartSignUp$1.apply(Registration.scala:172) ~[securesocial_2.10-2.1.3.jar:2.1.3]
	at securesocial.controllers.Registration$$anonfun$handleStartSignUp$1.apply(Registration.scala:170) ~[securesocial_2.10-2.1.3.jar:2.1.3]
	at play.api.mvc.ActionBuilder$$anonfun$apply$10.apply(Action.scala:221) ~[play_2.10.jar:2.2.2]
	at play.api.mvc.ActionBuilder$$anonfun$apply$10.apply(Action.scala:220) ~[play_2.10.jar:2.2.2]
	at play.api.mvc.Action$.invokeBlock(Action.scala:357) ~[play_2.10.jar:2.2.2]
	at play.api.mvc.ActionBuilder$$anon$1.apply(Action.scala:309) ~[play_2.10.jar:2.2.2]
	at play.api.mvc.Action$$anonfun$apply$1$$anonfun$apply$4$$anonfun$apply$5.apply(Action.scala:109) ~[play_2.10.jar:2.2.2]
	at play.api.mvc.Action$$anonfun$apply$1$$anonfun$apply$4$$anonfun$apply$5.apply(Action.scala:109) ~[play_2.10.jar:2.2.2]
	at play.utils.Threads$.withContextClassLoader(Threads.scala:18) ~[play_2.10.jar:2.2.2]
	at play.api.mvc.Action$$anonfun$apply$1$$anonfun$apply$4.apply(Action.scala:108) ~[play_2.10.jar:2.2.2]
	at play.api.mvc.Action$$anonfun$apply$1$$anonfun$apply$4.apply(Action.scala:107) ~[play_2.10.jar:2.2.2]
	at scala.Option.map(Option.scala:145) [scala-library.jar:na]
	at play.api.mvc.Action$$anonfun$apply$1.apply(Action.scala:107) ~[play_2.10.jar:2.2.2]
	at play.api.mvc.Action$$anonfun$apply$1.apply(Action.scala:100) ~[play_2.10.jar:2.2.2]
	at play.api.libs.iteratee.Iteratee$$anonfun$mapM$1.apply(Iteratee.scala:481) ~[play-iteratees_2.10.jar:2.2.2]
	at play.api.libs.iteratee.Iteratee$$anonfun$mapM$1.apply(Iteratee.scala:481) ~[play-iteratees_2.10.jar:2.2.2]
	at play.api.libs.iteratee.Iteratee$$anonfun$flatMapM$1.apply(Iteratee.scala:517) ~[play-iteratees_2.10.jar:2.2.2]
	at play.api.libs.iteratee.Iteratee$$anonfun$flatMapM$1.apply(Iteratee.scala:517) ~[play-iteratees_2.10.jar:2.2.2]
	at play.api.libs.iteratee.Iteratee$$anonfun$flatMap$1$$anonfun$apply$14.apply(Iteratee.scala:494) ~[play-iteratees_2.10.jar:2.2.2]
	at play.api.libs.iteratee.Iteratee$$anonfun$flatMap$1$$anonfun$apply$14.apply(Iteratee.scala:494) ~[play-iteratees_2.10.jar:2.2.2]
	at scala.concurrent.impl.Future$PromiseCompletingRunnable.liftedTree1$1(Future.scala:24) [scala-library.jar:na]
	at scala.concurrent.impl.Future$PromiseCompletingRunnable.run(Future.scala:24) [scala-library.jar:na]
	... 6 common frames omitted

2014-06-25 15:33:16,512 - [INFO] - from application in play-internal-execution-context-1 
[securesocial] unloaded identity provider: userpass

2014-06-25 15:33:16,512 - [INFO] - from application in play-internal-execution-context-1 
[securesocial] unloaded identity provider: linkedin

2014-06-25 15:33:16,512 - [INFO] - from application in play-internal-execution-context-1 
[securesocial] unloaded identity provider: google

2014-06-25 15:33:16,512 - [INFO] - from application in play-internal-execution-context-1 
[securesocial] unloaded identity provider: facebook

2014-06-25 15:33:16,512 - [INFO] - from application in play-internal-execution-context-1 
[securesocial] unloaded identity provider: twitter

2014-06-25 15:33:16,513 - [INFO] - from application in play-internal-execution-context-1 
[securesocial] unloaded password hasher bcrypt

2014-06-25 15:33:16,514 - [INFO] - from play in play-internal-execution-context-1 
Shutdown application default Akka system.

2014-06-25 15:33:21,684 - [INFO] - from application in play-internal-execution-context-1 
[securesocial] loaded templates plugin: securesocial.controllers.DefaultTemplatesPlugin

2014-06-25 15:33:21,730 - [INFO] - from play in play-internal-execution-context-1 
Starting application default Akka system.

2014-06-25 15:33:21,733 - [DEBUG] - from application in play-akka.actor.default-dispatcher-10 
[securesocial] calling deleteExpiredTokens()

2014-06-25 15:33:21,734 - [INFO] - from application in play-internal-execution-context-1 
[securesocial] loaded user service: class plugins.UserServicePlugin$$anon$2

2014-06-25 15:33:21,734 - [INFO] - from application in play-internal-execution-context-1 
[securesocial] loaded password hasher bcrypt

2014-06-25 15:33:21,734 - [INFO] - from application in play-internal-execution-context-1 
[securesocial] loaded identity provider: twitter

2014-06-25 15:33:21,734 - [INFO] - from application in play-internal-execution-context-1 
[securesocial] loaded identity provider: facebook

2014-06-25 15:33:21,734 - [INFO] - from application in play-internal-execution-context-1 
[securesocial] loaded identity provider: google

2014-06-25 15:33:21,734 - [INFO] - from application in play-internal-execution-context-1 
[securesocial] loaded identity provider: linkedin

2014-06-25 15:33:21,734 - [INFO] - from application in play-internal-execution-context-1 
[securesocial] loaded identity provider: userpass

2014-06-25 15:33:21,735 - [INFO] - from play in play-internal-execution-context-1 
Application started (Dev)

2014-06-25 15:33:22,099 - [DEBUG] - from application in play-akka.actor.default-dispatcher-10 
[securesocial] sending email to secci.jr@gmail.com

2014-06-25 15:33:22,101 - [DEBUG] - from application in play-akka.actor.default-dispatcher-10 
[securesocial] mail = [(None,Some(
<html>
<body>
<p>Hello,</p>

<p>Please follow this
    <a href="http://www.woodride.tm/signup/399eb39d-6141-48be-8be3-02ff987a78a5">link</a> to complete your registration.
</p>
</body>
</html>))]

2014-06-25 15:33:23,153 - [ERROR] - from akka.dispatch.TaskInvocation in play-akka.actor.default-dispatcher-16 
Missing final '@domain'
org.apache.commons.mail.EmailException: Missing final '@domain'
	at org.apache.commons.mail.Email.createInternetAddress(Email.java:605) ~[commons-email-1.2.jar:1.2]
	at org.apache.commons.mail.Email.setFrom(Email.java:668) ~[commons-email-1.2.jar:1.2]
	at org.apache.commons.mail.Email.setFrom(Email.java:651) ~[commons-email-1.2.jar:1.2]
	at com.typesafe.plugin.CommonsMailer$$anonfun$send$3$$anonfun$apply$1.apply(MailerPlugin.scala:230) ~[play-plugins-mailer_2.10-2.2.0.jar:2.2.0]
	at com.typesafe.plugin.CommonsMailer$$anonfun$send$3$$anonfun$apply$1.apply(MailerPlugin.scala:230) ~[play-plugins-mailer_2.10-2.2.0.jar:2.2.0]
	at com.typesafe.plugin.CommonsMailer.com$typesafe$plugin$CommonsMailer$$setAddress(MailerPlugin.scala:263) ~[play-plugins-mailer_2.10-2.2.0.jar:2.2.0]
	at com.typesafe.plugin.CommonsMailer$$anonfun$send$3.apply(MailerPlugin.scala:230) ~[play-plugins-mailer_2.10-2.2.0.jar:2.2.0]
	at com.typesafe.plugin.CommonsMailer$$anonfun$send$3.apply(MailerPlugin.scala:230) ~[play-plugins-mailer_2.10-2.2.0.jar:2.2.0]
	at scala.collection.immutable.List.foreach(List.scala:318) ~[scala-library.jar:na]
	at com.typesafe.plugin.CommonsMailer.send(MailerPlugin.scala:230) ~[play-plugins-mailer_2.10-2.2.0.jar:2.2.0]
	at securesocial.core.providers.utils.Mailer$$anonfun$sendEmail$1.apply$mcV$sp(Mailer.scala:90) ~[securesocial_2.10-2.1.3.jar:2.1.3]
	at akka.actor.Scheduler$$anon$11.run(Scheduler.scala:118) ~[akka-actor_2.10.jar:2.2.0]
	at akka.dispatch.TaskInvocation.run(AbstractDispatcher.scala:42) ~[akka-actor_2.10.jar:2.2.0]
	at akka.dispatch.ForkJoinExecutorConfigurator$AkkaForkJoinTask.exec(AbstractDispatcher.scala:386) [akka-actor_2.10.jar:2.2.0]
	at scala.concurrent.forkjoin.ForkJoinTask.doExec(ForkJoinTask.java:260) [scala-library.jar:na]
	at scala.concurrent.forkjoin.ForkJoinPool$WorkQueue.runTask(ForkJoinPool.java:1339) [scala-library.jar:na]
	at scala.concurrent.forkjoin.ForkJoinPool.runWorker(ForkJoinPool.java:1979) [scala-library.jar:na]
	at scala.concurrent.forkjoin.ForkJoinWorkerThread.run(ForkJoinWorkerThread.java:107) [scala-library.jar:na]
Caused by: javax.mail.internet.AddressException: Missing final '@domain'
	at javax.mail.internet.InternetAddress.checkAddress(InternetAddress.java:929) ~[mail-1.4.1.jar:1.4.1]
	at javax.mail.internet.InternetAddress.validate(InternetAddress.java:870) ~[mail-1.4.1.jar:1.4.1]
	at org.apache.commons.mail.Email.createInternetAddress(Email.java:601) ~[commons-email-1.2.jar:1.2]
	... 17 common frames omitted

2014-06-25 15:38:21,736 - [DEBUG] - from application in play-akka.actor.default-dispatcher-19 
[securesocial] calling deleteExpiredTokens()

2014-06-25 15:43:21,746 - [DEBUG] - from application in play-akka.actor.default-dispatcher-19 
[securesocial] calling deleteExpiredTokens()

2014-06-25 15:48:21,746 - [DEBUG] - from application in play-akka.actor.default-dispatcher-19 
[securesocial] calling deleteExpiredTokens()

2014-06-25 15:53:21,745 - [DEBUG] - from application in play-akka.actor.default-dispatcher-19 
[securesocial] calling deleteExpiredTokens()

2014-06-25 15:57:17,938 - [DEBUG] - from application in play-akka.actor.default-dispatcher-25 
[securesocial] sending email to secci.jr@gmail.com

2014-06-25 15:57:17,938 - [DEBUG] - from application in play-akka.actor.default-dispatcher-25 
[securesocial] mail = [(None,Some(
<html>
<body>
<p>Hello,</p>

<p>Please follow this
    <a href="http://www.woodride.tm/signup/92bda6da-3d91-4219-afe9-e5e8a3c53d1f">link</a> to complete your registration.
</p>
</body>
</html>))]

2014-06-25 15:57:18,957 - [ERROR] - from akka.dispatch.TaskInvocation in play-akka.actor.default-dispatcher-25 
Missing final '@domain'
org.apache.commons.mail.EmailException: Missing final '@domain'
	at org.apache.commons.mail.Email.createInternetAddress(Email.java:605) ~[commons-email-1.2.jar:1.2]
	at org.apache.commons.mail.Email.setFrom(Email.java:668) ~[commons-email-1.2.jar:1.2]
	at org.apache.commons.mail.Email.setFrom(Email.java:651) ~[commons-email-1.2.jar:1.2]
	at com.typesafe.plugin.CommonsMailer$$anonfun$send$3$$anonfun$apply$1.apply(MailerPlugin.scala:230) ~[play-plugins-mailer_2.10-2.2.0.jar:2.2.0]
	at com.typesafe.plugin.CommonsMailer$$anonfun$send$3$$anonfun$apply$1.apply(MailerPlugin.scala:230) ~[play-plugins-mailer_2.10-2.2.0.jar:2.2.0]
	at com.typesafe.plugin.CommonsMailer.com$typesafe$plugin$CommonsMailer$$setAddress(MailerPlugin.scala:263) ~[play-plugins-mailer_2.10-2.2.0.jar:2.2.0]
	at com.typesafe.plugin.CommonsMailer$$anonfun$send$3.apply(MailerPlugin.scala:230) ~[play-plugins-mailer_2.10-2.2.0.jar:2.2.0]
	at com.typesafe.plugin.CommonsMailer$$anonfun$send$3.apply(MailerPlugin.scala:230) ~[play-plugins-mailer_2.10-2.2.0.jar:2.2.0]
	at scala.collection.immutable.List.foreach(List.scala:318) ~[scala-library.jar:na]
	at com.typesafe.plugin.CommonsMailer.send(MailerPlugin.scala:230) ~[play-plugins-mailer_2.10-2.2.0.jar:2.2.0]
	at securesocial.core.providers.utils.Mailer$$anonfun$sendEmail$1.apply$mcV$sp(Mailer.scala:90) ~[securesocial_2.10-2.1.3.jar:2.1.3]
	at akka.actor.Scheduler$$anon$11.run(Scheduler.scala:118) ~[akka-actor_2.10.jar:2.2.0]
	at akka.dispatch.TaskInvocation.run(AbstractDispatcher.scala:42) ~[akka-actor_2.10.jar:2.2.0]
	at akka.dispatch.ForkJoinExecutorConfigurator$AkkaForkJoinTask.exec(AbstractDispatcher.scala:386) [akka-actor_2.10.jar:2.2.0]
	at scala.concurrent.forkjoin.ForkJoinTask.doExec(ForkJoinTask.java:260) [scala-library.jar:na]
	at scala.concurrent.forkjoin.ForkJoinPool$WorkQueue.runTask(ForkJoinPool.java:1339) [scala-library.jar:na]
	at scala.concurrent.forkjoin.ForkJoinPool.runWorker(ForkJoinPool.java:1979) [scala-library.jar:na]
	at scala.concurrent.forkjoin.ForkJoinWorkerThread.run(ForkJoinWorkerThread.java:107) [scala-library.jar:na]
Caused by: javax.mail.internet.AddressException: Missing final '@domain'
	at javax.mail.internet.InternetAddress.checkAddress(InternetAddress.java:929) ~[mail-1.4.1.jar:1.4.1]
	at javax.mail.internet.InternetAddress.validate(InternetAddress.java:870) ~[mail-1.4.1.jar:1.4.1]
	at org.apache.commons.mail.Email.createInternetAddress(Email.java:601) ~[commons-email-1.2.jar:1.2]
	... 17 common frames omitted

2014-06-25 15:58:21,745 - [DEBUG] - from application in play-akka.actor.default-dispatcher-26 
[securesocial] calling deleteExpiredTokens()

2014-06-25 16:03:21,745 - [DEBUG] - from application in play-akka.actor.default-dispatcher-26 
[securesocial] calling deleteExpiredTokens()

2014-06-25 16:08:21,745 - [DEBUG] - from application in play-akka.actor.default-dispatcher-26 
[securesocial] calling deleteExpiredTokens()

2014-06-25 16:13:21,745 - [DEBUG] - from application in play-akka.actor.default-dispatcher-26 
[securesocial] calling deleteExpiredTokens()

